Start time: 2017-08-18 23:44:09.970578
Loading data...
Integrating...
Finding Stiffness Indicator...
Finish time: 2017-08-19 09:32:15.810049
Duration: 9:48:05.839471
Start time: 2017-08-19 16:02:10.219979
Loading data...
Initial Condition:
0.0303
900.023056449
1013250.0
5.23189786245e-05
1.53364579908e-12
1.06851749162e-11
0.189348869962
3.15217349707e-10
0.0178222543593
2.10256111245e-07
5.33152408639e-06
2.06538442853e-33
1.97068207362e-24
3.8207336903e-15
4.10532874968e-16
4.877354803e-07
0.0465247711805
0.00199435722149
0.0184180319952
8.83707657919e-12
0.000476060710068
9.47078631609e-14
2.14181490055e-10
3.49079377937e-05
4.59060076626e-19
2.20841286042e-07
1.67886811201e-13
9.18844754127e-05
1.07444467677e-10
0.000395964744639
1.56880799748e-14
4.05841701027e-06
1.29574333364e-10
1.30001309685e-16
3.01418816273e-14
3.39472037229e-14
1.95615706711e-09
1.19355625845e-16
5.88014904003e-05
0.000189594438852
1.29863016971e-07
9.70921693531e-12
3.21643965857e-19
1.55711268012e-07
1.92521667096e-14
9.06494845614e-25
1.00696440497e-08
1.2372464358e-10
4.61089023605e-08
3.7122099579e-15
0.724579647404
1.28742417728e-31
2.00976393828e-10
1.7144189787e-06
1.38896618708e-11
1.67063689661e-07
Modified condition:
900.023056449
5.23189786245e-05
1.53364579908e-12
1.06851749162e-11
0.189348869962
3.15217349707e-10
0.0178222543593
2.10256111245e-07
5.33152408639e-06
2.06538442853e-33
1.97068207362e-24
3.8207336903e-15
4.10532874968e-16
4.877354803e-07
0.0465247711805
0.00199435722149
0.0184180319952
8.83707657919e-12
0.000476060710068
9.47078631609e-14
2.14181490055e-10
3.49079377937e-05
4.59060076626e-19
2.20841286042e-07
1.67886811201e-13
9.18844754127e-05
1.07444467677e-10
0.000395964744639
1.56880799748e-14
4.05841701027e-06
1.29574333364e-10
1.30001309685e-16
3.01418816273e-14
3.39472037229e-14
1.95615706711e-09
1.19355625845e-16
5.88014904003e-05
0.000189594438852
1.29863016971e-07
9.70921693531e-12
3.21643965857e-19
1.55711268012e-07
1.92521667096e-14
9.06494845614e-25
1.00696440497e-08
1.2372464358e-10
4.61089023605e-08
3.7122099579e-15
0.724579647404
1.28742417728e-31
1.7144189787e-06
1.38896618708e-11
1.67063689661e-07
Integrating...
Switching to dopri5!
Time is 1e-06
1 percent complete...
2 percent complete...
3 percent complete...
4 percent complete...
5 percent complete...
6 percent complete...
7 percent complete...
8 percent complete...
9 percent complete...
10 percent complete...
11 percent complete...
12 percent complete...
13 percent complete...
14 percent complete...
15 percent complete...
16 percent complete...
17 percent complete...
18 percent complete...
19 percent complete...
20 percent complete...
21 percent complete...
22 percent complete...
23 percent complete...
24 percent complete...
25 percent complete...
26 percent complete...
27 percent complete...
28 percent complete...
29 percent complete...
30 percent complete...
31 percent complete...
32 percent complete...
33 percent complete...
34 percent complete...
35 percent complete...
36 percent complete...
37 percent complete...
38 percent complete...
39 percent complete...
40 percent complete...
41 percent complete...
42 percent complete...
43 percent complete...
44 percent complete...
45 percent complete...
46 percent complete...
47 percent complete...
48 percent complete...
49 percent complete...
50 percent complete...
51 percent complete...
52 percent complete...
53 percent complete...
54 percent complete...
55 percent complete...
56 percent complete...
57 percent complete...
58 percent complete...
59 percent complete...
60 percent complete...
61 percent complete...
62 percent complete...
63 percent complete...
64 percent complete...
65 percent complete...
66 percent complete...
67 percent complete...
68 percent complete...
69 percent complete...
70 percent complete...
71 percent complete...
72 percent complete...
73 percent complete...
74 percent complete...
75 percent complete...
76 percent complete...
77 percent complete...
78 percent complete...
79 percent complete...
80 percent complete...
81 percent complete...
82 percent complete...
83 percent complete...
84 percent complete...
85 percent complete...
86 percent complete...
87 percent complete...
88 percent complete...
89 percent complete...
90 percent complete...
91 percent complete...
92 percent complete...
93 percent complete...
94 percent complete...
95 percent complete...
96 percent complete...
97 percent complete...
98 percent complete...
99 percent complete...
100 percent complete...
Final time:
0.20000000000017934
Last solution value:
2434.83452512
0.000270171961336
1.32169572412e-05
0.000130212165182
0.0053578622122
0.00212791504271
0.120283033217
1.98418329081e-06
2.98984138352e-07
1.69618639832e-16
4.86372451118e-17
1.61783862149e-16
1.16329438794e-17
1.05985448067e-15
6.37322680389e-16
0.010365304478
0.135105667807
6.12577228823e-09
1.65625883266e-10
2.64450415719e-15
4.86034362598e-17
2.92767996858e-16
5.19789330335e-22
8.8831957998e-20
2.99403574668e-24
3.24425815473e-24
1.49975563294e-28
1.21590917517e-29
6.49683034051e-18
9.27873913299e-18
1.75037521006e-20
2.14782675701e-08
6.85312185408e-09
4.24044119014e-09
1.33775370525e-08
8.10253046156e-09
0.00314592880468
2.16021462777e-06
7.72281829092e-07
2.00011595562e-07
9.47118602094e-13
2.17284574318e-10
3.45118666875e-16
3.32250519714e-19
6.9172278162e-15
3.22982891919e-11
6.91357405338e-09
2.73533274742e-10
0.723195203909
5.23349333272e-42
4.36007649585e-43
1.72385959078e-22
5.06072640806e-24
Solution shape: (200000, 53)
tlist shape: (200001,)
Traceback (most recent call last):
  File "Integration_Scheduler_GRI.py", line 548, in <module>
    np.save(data_folder + solfilename, solution)
  File "/nfs/stak/students/a/alfermaa/anaconda3/lib/python3.5/site-packages/numpy/lib/npyio.py", line 477, in save
    fid = open(file, "wb")
FileNotFoundError: [Errno 2] No such file or directory: 'Scheduler/Output_Data/Autoignition_Solution_Explicit_1e-06.npy'
Start time: 2017-08-19 16:02:32.810270
Loading data...
Initial Condition:
0.0303
900.023056449
1013250.0
5.23189786245e-05
1.53364579908e-12
1.06851749162e-11
0.189348869962
3.15217349707e-10
0.0178222543593
2.10256111245e-07
5.33152408639e-06
2.06538442853e-33
1.97068207362e-24
3.8207336903e-15
4.10532874968e-16
4.877354803e-07
0.0465247711805
0.00199435722149
0.0184180319952
8.83707657919e-12
0.000476060710068
9.47078631609e-14
2.14181490055e-10
3.49079377937e-05
4.59060076626e-19
2.20841286042e-07
1.67886811201e-13
9.18844754127e-05
1.07444467677e-10
0.000395964744639
1.56880799748e-14
4.05841701027e-06
1.29574333364e-10
1.30001309685e-16
3.01418816273e-14
3.39472037229e-14
1.95615706711e-09
1.19355625845e-16
5.88014904003e-05
0.000189594438852
1.29863016971e-07
9.70921693531e-12
3.21643965857e-19
1.55711268012e-07
1.92521667096e-14
9.06494845614e-25
1.00696440497e-08
1.2372464358e-10
4.61089023605e-08
3.7122099579e-15
0.724579647404
1.28742417728e-31
2.00976393828e-10
1.7144189787e-06
1.38896618708e-11
1.67063689661e-07
Modified condition:
900.023056449
5.23189786245e-05
1.53364579908e-12
1.06851749162e-11
0.189348869962
3.15217349707e-10
0.0178222543593
2.10256111245e-07
5.33152408639e-06
2.06538442853e-33
1.97068207362e-24
3.8207336903e-15
4.10532874968e-16
4.877354803e-07
0.0465247711805
0.00199435722149
0.0184180319952
8.83707657919e-12
0.000476060710068
9.47078631609e-14
2.14181490055e-10
3.49079377937e-05
4.59060076626e-19
2.20841286042e-07
1.67886811201e-13
9.18844754127e-05
1.07444467677e-10
0.000395964744639
1.56880799748e-14
4.05841701027e-06
1.29574333364e-10
1.30001309685e-16
3.01418816273e-14
3.39472037229e-14
1.95615706711e-09
1.19355625845e-16
5.88014904003e-05
0.000189594438852
1.29863016971e-07
9.70921693531e-12
3.21643965857e-19
1.55711268012e-07
1.92521667096e-14
9.06494845614e-25
1.00696440497e-08
1.2372464358e-10
4.61089023605e-08
3.7122099579e-15
0.724579647404
1.28742417728e-31
1.7144189787e-06
1.38896618708e-11
1.67063689661e-07
Integrating...
1 percent complete...
2 percent complete...
3 percent complete...
4 percent complete...
5 percent complete...
6 percent complete...
7 percent complete...
8 percent complete...
9 percent complete...
10 percent complete...
11 percent complete...
12 percent complete...
13 percent complete...
14 percent complete...
15 percent complete...
16 percent complete...
17 percent complete...
18 percent complete...
19 percent complete...
20 percent complete...
21 percent complete...
22 percent complete...
23 percent complete...
24 percent complete...
25 percent complete...
26 percent complete...
27 percent complete...
28 percent complete...
29 percent complete...
30 percent complete...
31 percent complete...
32 percent complete...
33 percent complete...
34 percent complete...
35 percent complete...
36 percent complete...
37 percent complete...
38 percent complete...
39 percent complete...
40 percent complete...
41 percent complete...
42 percent complete...
43 percent complete...
44 percent complete...
45 percent complete...
46 percent complete...
47 percent complete...
48 percent complete...
49 percent complete...
50 percent complete...
51 percent complete...
52 percent complete...
53 percent complete...
54 percent complete...
55 percent complete...
56 percent complete...
57 percent complete...
58 percent complete...
59 percent complete...
60 percent complete...
61 percent complete...
62 percent complete...
63 percent complete...
64 percent complete...
65 percent complete...
66 percent complete...
67 percent complete...
68 percent complete...
69 percent complete...
70 percent complete...
71 percent complete...
72 percent complete...
73 percent complete...
74 percent complete...
75 percent complete...
76 percent complete...
77 percent complete...
78 percent complete...
79 percent complete...
80 percent complete...
81 percent complete...
82 percent complete...
83 percent complete...
84 percent complete...
85 percent complete...
86 percent complete...
87 percent complete...
88 percent complete...
89 percent complete...
90 percent complete...
91 percent complete...
92 percent complete...
93 percent complete...
94 percent complete...
95 percent complete...
96 percent complete...
97 percent complete...
98 percent complete...
99 percent complete...
100 percent complete...
Final time:
0.20000000000017934
Last solution value:
2434.83434323
0.000270171796751
1.32169420873e-05
0.000130212002472
0.00535785897465
0.00212791346491
0.12028303566
1.98418142773e-06
2.98983931874e-07
1.69618058151e-16
4.86370860956e-17
1.61783408716e-16
1.16329097521e-17
1.05985217935e-15
6.37321615178e-16
0.0103652978402
0.135105678236
6.12576308788e-09
1.65625677326e-10
2.64449914663e-15
4.8603338595e-17
2.9276756057e-16
5.19787277789e-22
8.88316915566e-20
2.99402516192e-24
3.24424868407e-24
1.49975050639e-28
1.21590555045e-29
6.49681221343e-18
9.27871806911e-18
1.75037037076e-20
2.147822938e-08
6.85311094916e-09
4.24043567148e-09
1.33775275156e-08
8.10127602269e-09
0.00314592679133
2.16021303317e-06
7.72281337752e-07
2.00011394159e-07
9.4711634946e-13
2.17284236041e-10
3.4511788113e-16
3.32249591119e-19
6.91721384814e-15
3.22982467634e-11
6.91356752938e-09
2.73532844042e-10
0.723195205021
5.23346829796e-42
4.36005767894e-43
1.72385473054e-22
5.06071222739e-24
Solution shape: (200000, 53)
tlist shape: (200001,)
Finish time: 2017-08-20 04:30:24.659881
Duration: 12:27:51.849611
Start time: 2017-08-20 02:09:37.394994
Loading data...
Initial Condition:
0.0303
900.023056449
1013250.0
5.23189786245e-05
1.53364579908e-12
1.06851749162e-11
0.189348869962
3.15217349707e-10
0.0178222543593
2.10256111245e-07
5.33152408639e-06
2.06538442853e-33
1.97068207362e-24
3.8207336903e-15
4.10532874968e-16
4.877354803e-07
0.0465247711805
0.00199435722149
0.0184180319952
8.83707657919e-12
0.000476060710068
9.47078631609e-14
2.14181490055e-10
3.49079377937e-05
4.59060076626e-19
2.20841286042e-07
1.67886811201e-13
9.18844754127e-05
1.07444467677e-10
0.000395964744639
1.56880799748e-14
4.05841701027e-06
1.29574333364e-10
1.30001309685e-16
3.01418816273e-14
3.39472037229e-14
1.95615706711e-09
1.19355625845e-16
5.88014904003e-05
0.000189594438852
1.29863016971e-07
9.70921693531e-12
3.21643965857e-19
1.55711268012e-07
1.92521667096e-14
9.06494845614e-25
1.00696440497e-08
1.2372464358e-10
4.61089023605e-08
3.7122099579e-15
0.724579647404
1.28742417728e-31
2.00976393828e-10
1.7144189787e-06
1.38896618708e-11
1.67063689661e-07
Modified condition:
900.023056449
5.23189786245e-05
1.53364579908e-12
1.06851749162e-11
0.189348869962
3.15217349707e-10
0.0178222543593
2.10256111245e-07
5.33152408639e-06
2.06538442853e-33
1.97068207362e-24
3.8207336903e-15
4.10532874968e-16
4.877354803e-07
0.0465247711805
0.00199435722149
0.0184180319952
8.83707657919e-12
0.000476060710068
9.47078631609e-14
2.14181490055e-10
3.49079377937e-05
4.59060076626e-19
2.20841286042e-07
1.67886811201e-13
9.18844754127e-05
1.07444467677e-10
0.000395964744639
1.56880799748e-14
4.05841701027e-06
1.29574333364e-10
1.30001309685e-16
3.01418816273e-14
3.39472037229e-14
1.95615706711e-09
1.19355625845e-16
5.88014904003e-05
0.000189594438852
1.29863016971e-07
9.70921693531e-12
3.21643965857e-19
1.55711268012e-07
1.92521667096e-14
9.06494845614e-25
1.00696440497e-08
1.2372464358e-10
4.61089023605e-08
3.7122099579e-15
0.724579647404
1.28742417728e-31
1.7144189787e-06
1.38896618708e-11
1.67063689661e-07
Integrating...
Switching to dopri5!
Time is 1e-06
1 percent complete...
2 percent complete...
3 percent complete...
4 percent complete...
5 percent complete...
6 percent complete...
7 percent complete...
8 percent complete...
9 percent complete...
10 percent complete...
11 percent complete...
12 percent complete...
13 percent complete...
14 percent complete...
15 percent complete...
16 percent complete...
17 percent complete...
18 percent complete...
19 percent complete...
20 percent complete...
21 percent complete...
22 percent complete...
23 percent complete...
24 percent complete...
25 percent complete...
26 percent complete...
27 percent complete...
28 percent complete...
29 percent complete...
30 percent complete...
31 percent complete...
32 percent complete...
33 percent complete...
34 percent complete...
35 percent complete...
36 percent complete...
37 percent complete...
38 percent complete...
39 percent complete...
40 percent complete...
41 percent complete...
42 percent complete...
43 percent complete...
44 percent complete...
45 percent complete...
46 percent complete...
47 percent complete...
48 percent complete...
49 percent complete...
50 percent complete...
51 percent complete...
52 percent complete...
53 percent complete...
54 percent complete...
55 percent complete...
56 percent complete...
57 percent complete...
58 percent complete...
59 percent complete...
60 percent complete...
61 percent complete...
62 percent complete...
63 percent complete...
64 percent complete...
65 percent complete...
66 percent complete...
67 percent complete...
68 percent complete...
69 percent complete...
70 percent complete...
71 percent complete...
72 percent complete...
73 percent complete...
74 percent complete...
75 percent complete...
76 percent complete...
77 percent complete...
78 percent complete...
79 percent complete...
80 percent complete...
81 percent complete...
82 percent complete...
83 percent complete...
84 percent complete...
85 percent complete...
86 percent complete...
87 percent complete...
88 percent complete...
89 percent complete...
90 percent complete...
91 percent complete...
92 percent complete...
93 percent complete...
94 percent complete...
95 percent complete...
96 percent complete...
97 percent complete...
98 percent complete...
99 percent complete...
100 percent complete...
Final time:
0.20000000000017934
Last solution value:
2434.83452512
0.000270171961336
1.32169572412e-05
0.000130212165182
0.0053578622122
0.00212791504271
0.120283033217
1.98418329081e-06
2.98984138352e-07
1.69618639832e-16
4.86372451118e-17
1.61783862149e-16
1.16329438794e-17
1.05985448067e-15
6.37322680389e-16
0.010365304478
0.135105667807
6.12577228823e-09
1.65625883266e-10
2.64450415719e-15
4.86034362598e-17
2.92767996858e-16
5.19789330335e-22
8.8831957998e-20
2.99403574668e-24
3.24425815473e-24
1.49975563294e-28
1.21590917517e-29
6.49683034051e-18
9.27873913299e-18
1.75037521006e-20
2.14782675701e-08
6.85312185408e-09
4.24044119014e-09
1.33775370525e-08
8.10253046156e-09
0.00314592880468
2.16021462777e-06
7.72281829092e-07
2.00011595562e-07
9.47118602094e-13
2.17284574318e-10
3.45118666875e-16
3.32250519714e-19
6.9172278162e-15
3.22982891919e-11
6.91357405338e-09
2.73533274742e-10
0.723195203909
5.23349333272e-42
4.36007649585e-43
1.72385959078e-22
5.06072640806e-24
Solution shape: (200000, 53)
tlist shape: (200001,)
Finish time: 2017-08-20 09:38:01.730486
Duration: 7:28:24.335492
Start time: 2017-08-20 12:13:48.419730
Loading data...
Initial Condition:
0.0303
900.023056449
1013250.0
5.23189786245e-05
1.53364579908e-12
1.06851749162e-11
0.189348869962
3.15217349707e-10
0.0178222543593
2.10256111245e-07
5.33152408639e-06
2.06538442853e-33
1.97068207362e-24
3.8207336903e-15
4.10532874968e-16
4.877354803e-07
0.0465247711805
0.00199435722149
0.0184180319952
8.83707657919e-12
0.000476060710068
9.47078631609e-14
2.14181490055e-10
3.49079377937e-05
4.59060076626e-19
2.20841286042e-07
1.67886811201e-13
9.18844754127e-05
1.07444467677e-10
0.000395964744639
1.56880799748e-14
4.05841701027e-06
1.29574333364e-10
1.30001309685e-16
3.01418816273e-14
3.39472037229e-14
1.95615706711e-09
1.19355625845e-16
5.88014904003e-05
0.000189594438852
1.29863016971e-07
9.70921693531e-12
3.21643965857e-19
1.55711268012e-07
1.92521667096e-14
9.06494845614e-25
1.00696440497e-08
1.2372464358e-10
4.61089023605e-08
3.7122099579e-15
0.724579647404
1.28742417728e-31
2.00976393828e-10
1.7144189787e-06
1.38896618708e-11
1.67063689661e-07
Modified condition:
900.023056449
5.23189786245e-05
1.53364579908e-12
1.06851749162e-11
0.189348869962
3.15217349707e-10
0.0178222543593
2.10256111245e-07
5.33152408639e-06
2.06538442853e-33
1.97068207362e-24
3.8207336903e-15
4.10532874968e-16
4.877354803e-07
0.0465247711805
0.00199435722149
0.0184180319952
8.83707657919e-12
0.000476060710068
9.47078631609e-14
2.14181490055e-10
3.49079377937e-05
4.59060076626e-19
2.20841286042e-07
1.67886811201e-13
9.18844754127e-05
1.07444467677e-10
0.000395964744639
1.56880799748e-14
4.05841701027e-06
1.29574333364e-10
1.30001309685e-16
3.01418816273e-14
3.39472037229e-14
1.95615706711e-09
1.19355625845e-16
5.88014904003e-05
0.000189594438852
1.29863016971e-07
9.70921693531e-12
3.21643965857e-19
1.55711268012e-07
1.92521667096e-14
9.06494845614e-25
1.00696440497e-08
1.2372464358e-10
4.61089023605e-08
3.7122099579e-15
0.724579647404
1.28742417728e-31
1.7144189787e-06
1.38896618708e-11
1.67063689661e-07
Integrating...
1 percent complete...
2 percent complete...
3 percent complete...
4 percent complete...
5 percent complete...
6 percent complete...
7 percent complete...
8 percent complete...
9 percent complete...
10 percent complete...
11 percent complete...
12 percent complete...
13 percent complete...
14 percent complete...
15 percent complete...
16 percent complete...
17 percent complete...
18 percent complete...
19 percent complete...
20 percent complete...
21 percent complete...
22 percent complete...
23 percent complete...
24 percent complete...
25 percent complete...
26 percent complete...
27 percent complete...
28 percent complete...
29 percent complete...
30 percent complete...
31 percent complete...
32 percent complete...
33 percent complete...
34 percent complete...
35 percent complete...
36 percent complete...
37 percent complete...
38 percent complete...
39 percent complete...
40 percent complete...
41 percent complete...
42 percent complete...
43 percent complete...
44 percent complete...
45 percent complete...
46 percent complete...
47 percent complete...
48 percent complete...
49 percent complete...
50 percent complete...
51 percent complete...
52 percent complete...
53 percent complete...
54 percent complete...
55 percent complete...
56 percent complete...
57 percent complete...
58 percent complete...
59 percent complete...
60 percent complete...
61 percent complete...
62 percent complete...
63 percent complete...
64 percent complete...
65 percent complete...
66 percent complete...
67 percent complete...
68 percent complete...
69 percent complete...
70 percent complete...
71 percent complete...
72 percent complete...
73 percent complete...
74 percent complete...
75 percent complete...
76 percent complete...
77 percent complete...
78 percent complete...
79 percent complete...
80 percent complete...
81 percent complete...
82 percent complete...
83 percent complete...
84 percent complete...
85 percent complete...
86 percent complete...
87 percent complete...
88 percent complete...
89 percent complete...
90 percent complete...
91 percent complete...
92 percent complete...
93 percent complete...
94 percent complete...
95 percent complete...
96 percent complete...
97 percent complete...
98 percent complete...
99 percent complete...
100 percent complete...
Final time:
0.20000000000017934
Last solution value:
2434.83435957
0.000270171811538
1.32169433945e-05
0.000130212017085
0.00535785926524
0.00212791360662
0.12028303544
1.98418159418e-06
2.98983950492e-07
1.69618110413e-16
4.86371003899e-17
1.61783449464e-16
1.1632912821e-17
1.0598523862e-15
6.3732171095e-16
0.0103652984366
0.135105677299
6.12576391799e-09
1.65625695837e-10
2.64449959751e-15
4.86033473924e-17
2.92767599799e-16
5.1978746225e-22
8.88317155043e-20
2.99402611358e-24
3.24424953548e-24
1.49975096737e-28
1.21590587637e-29
6.49681384254e-18
9.27871996259e-18
1.75037080572e-20
2.1478232809e-08
6.85311165758e-09
4.24043616726e-09
1.33775283721e-08
8.10292322176e-09
0.00314592697195
2.16021317625e-06
7.722813817e-07
2.00011412259e-07
9.47116551815e-13
2.17284266427e-10
3.45117951967e-16
3.3224967448e-19
6.91721510293e-15
3.22982505744e-11
6.91356811534e-09
2.73532882727e-10
0.723195204726
5.23347054874e-42
4.36005937094e-43
1.72385516833e-22
5.06071350225e-24
Solution shape: (200000, 53)
tlist shape: (200001,)
Finish time: 2017-08-21 03:54:51.865618
Duration: 15:41:03.445888
